{
  "stats": {
    "suites": 2,
    "tests": 20,
    "passes": 20,
    "pending": 0,
    "failures": 0,
    "start": "2021-11-22T13:22:22.506Z",
    "end": "2021-11-22T13:22:22.518Z",
    "duration": 12,
    "testsRegistered": 20,
    "passPercent": 100,
    "pendingPercent": 0,
    "other": 0,
    "hasOther": false,
    "skipped": 0,
    "hasSkipped": false
  },
  "results": [
    {
      "uuid": "1c79f3c6-8825-4f52-9668-645ec742a4ae",
      "title": "",
      "fullFile": "",
      "file": "",
      "beforeHooks": [],
      "afterHooks": [],
      "tests": [],
      "suites": [
        {
          "uuid": "143c4f5f-16b0-469c-a0cb-b38372a5db5c",
          "title": "test positive ",
          "fullFile": "C:\\Users\\Hripsime_Yeghiazarya\\WebstormProjects\\unit testing\\test\\specs\\calc.spec.js",
          "file": "\\test\\specs\\calc.spec.js",
          "beforeHooks": [],
          "afterHooks": [],
          "tests": [
            {
              "title": "return sum of 5 and 5 ",
              "fullTitle": "test positive  return sum of 5 and 5 ",
              "timedOut": false,
              "duration": 0,
              "state": "passed",
              "speed": "fast",
              "pass": true,
              "fail": false,
              "pending": false,
              "context": null,
              "code": "expect(operations.add(5,5)).to.be.equal(10);",
              "err": {},
              "uuid": "ecedeced-d7c6-4114-9e5d-1ebc59e5616a",
              "parentUUID": "143c4f5f-16b0-469c-a0cb-b38372a5db5c",
              "isHook": false,
              "skipped": false
            },
            {
              "title": "return sum of 10 and 5 ",
              "fullTitle": "test positive  return sum of 10 and 5 ",
              "timedOut": false,
              "duration": 0,
              "state": "passed",
              "speed": "fast",
              "pass": true,
              "fail": false,
              "pending": false,
              "context": null,
              "code": "expect(operations.add(10,-5)).to.be.equal(5);",
              "err": {},
              "uuid": "6931edfb-177a-4b03-b3d7-d41510e81a3c",
              "parentUUID": "143c4f5f-16b0-469c-a0cb-b38372a5db5c",
              "isHook": false,
              "skipped": false
            },
            {
              "title": "return subtraction of 10 and 5",
              "fullTitle": "test positive  return subtraction of 10 and 5",
              "timedOut": false,
              "duration": 0,
              "state": "passed",
              "speed": "fast",
              "pass": true,
              "fail": false,
              "pending": false,
              "context": null,
              "code": "expect(operations.sub(10,5)).to.be.equal(5);",
              "err": {},
              "uuid": "a5a690ee-7ec0-43a1-88c4-c4a5c83a735f",
              "parentUUID": "143c4f5f-16b0-469c-a0cb-b38372a5db5c",
              "isHook": false,
              "skipped": false
            },
            {
              "title": "return subtraction of 10 and 15",
              "fullTitle": "test positive  return subtraction of 10 and 15",
              "timedOut": false,
              "duration": 0,
              "state": "passed",
              "speed": "fast",
              "pass": true,
              "fail": false,
              "pending": false,
              "context": null,
              "code": "expect(operations.sub(10,15)).to.be.equal(-5);",
              "err": {},
              "uuid": "668b7f64-af7f-40ab-b6fc-b05d26b05f10",
              "parentUUID": "143c4f5f-16b0-469c-a0cb-b38372a5db5c",
              "isHook": false,
              "skipped": false
            },
            {
              "title": "return multiply of 5 and 5 ",
              "fullTitle": "test positive  return multiply of 5 and 5 ",
              "timedOut": false,
              "duration": 0,
              "state": "passed",
              "speed": "fast",
              "pass": true,
              "fail": false,
              "pending": false,
              "context": null,
              "code": "expect(operations.mul(5,5)).to.be.equal(25);",
              "err": {},
              "uuid": "41b32810-4270-4099-b404-809c18b04f2c",
              "parentUUID": "143c4f5f-16b0-469c-a0cb-b38372a5db5c",
              "isHook": false,
              "skipped": false
            },
            {
              "title": "return multiply of 0 and 5 ",
              "fullTitle": "test positive  return multiply of 0 and 5 ",
              "timedOut": false,
              "duration": 0,
              "state": "passed",
              "speed": "fast",
              "pass": true,
              "fail": false,
              "pending": false,
              "context": null,
              "code": "expect(operations.mul(0,5)).to.be.equal(0);",
              "err": {},
              "uuid": "30717605-2708-4e01-a63c-e144a497f885",
              "parentUUID": "143c4f5f-16b0-469c-a0cb-b38372a5db5c",
              "isHook": false,
              "skipped": false
            },
            {
              "title": "return divisor of 10 and 0 ",
              "fullTitle": "test positive  return divisor of 10 and 0 ",
              "timedOut": false,
              "duration": 0,
              "state": "passed",
              "speed": "fast",
              "pass": true,
              "fail": false,
              "pending": false,
              "context": null,
              "code": "expect(operations.div(10,0)).to.be.equal(\"Don't use the 0 as an value\");",
              "err": {},
              "uuid": "5322268a-9971-4607-b75f-6f80e7ebe0aa",
              "parentUUID": "143c4f5f-16b0-469c-a0cb-b38372a5db5c",
              "isHook": false,
              "skipped": false
            },
            {
              "title": "return divisor of 100 and 5 ",
              "fullTitle": "test positive  return divisor of 100 and 5 ",
              "timedOut": false,
              "duration": 0,
              "state": "passed",
              "speed": "fast",
              "pass": true,
              "fail": false,
              "pending": false,
              "context": null,
              "code": "expect(operations.div(100,5)).to.be.equal(20);",
              "err": {},
              "uuid": "a147cc11-a1c9-439e-aa03-ba24d477ffbc",
              "parentUUID": "143c4f5f-16b0-469c-a0cb-b38372a5db5c",
              "isHook": false,
              "skipped": false
            }
          ],
          "suites": [],
          "passes": [
            "ecedeced-d7c6-4114-9e5d-1ebc59e5616a",
            "6931edfb-177a-4b03-b3d7-d41510e81a3c",
            "a5a690ee-7ec0-43a1-88c4-c4a5c83a735f",
            "668b7f64-af7f-40ab-b6fc-b05d26b05f10",
            "41b32810-4270-4099-b404-809c18b04f2c",
            "30717605-2708-4e01-a63c-e144a497f885",
            "5322268a-9971-4607-b75f-6f80e7ebe0aa",
            "a147cc11-a1c9-439e-aa03-ba24d477ffbc"
          ],
          "failures": [],
          "pending": [],
          "skipped": [],
          "duration": 0,
          "root": false,
          "rootEmpty": false,
          "_timeout": 2000
        },
        {
          "uuid": "a6cbabd0-d5b4-46be-a250-2d7ca79c35ed",
          "title": "negative testing",
          "fullFile": "C:\\Users\\Hripsime_Yeghiazarya\\WebstormProjects\\unit testing\\test\\specs\\calc.spec.js",
          "file": "\\test\\specs\\calc.spec.js",
          "beforeHooks": [],
          "afterHooks": [],
          "tests": [
            {
              "title": "use only numbers, abc+4 is invalid",
              "fullTitle": "negative testing use only numbers, abc+4 is invalid",
              "timedOut": false,
              "duration": 0,
              "state": "passed",
              "speed": "fast",
              "pass": true,
              "fail": false,
              "pending": false,
              "context": null,
              "code": "expect(operations.add('abc', 4)).to.be.equal(false);",
              "err": {},
              "uuid": "914c575f-7c5a-4e65-aed1-3016b227ad14",
              "parentUUID": "a6cbabd0-d5b4-46be-a250-2d7ca79c35ed",
              "isHook": false,
              "skipped": false
            },
            {
              "title": "use only numbers, '8'+'4' is invalid",
              "fullTitle": "negative testing use only numbers, '8'+'4' is invalid",
              "timedOut": false,
              "duration": 0,
              "state": "passed",
              "speed": "fast",
              "pass": true,
              "fail": false,
              "pending": false,
              "context": null,
              "code": "expect(operations.add(\"8\", \"4\")).to.be.equal(false);",
              "err": {},
              "uuid": "8d16aef6-e3c6-49db-8ca4-9f2abd238cda",
              "parentUUID": "a6cbabd0-d5b4-46be-a250-2d7ca79c35ed",
              "isHook": false,
              "skipped": false
            },
            {
              "title": "use only numbers, 0+str is invalid",
              "fullTitle": "negative testing use only numbers, 0+str is invalid",
              "timedOut": false,
              "duration": 0,
              "state": "passed",
              "speed": "fast",
              "pass": true,
              "fail": false,
              "pending": false,
              "context": null,
              "code": "expect(operations.add(0, \"str\")).to.be.equal(false);",
              "err": {},
              "uuid": "cc39b800-29ed-4f70-ab05-cc14a5ff82ef",
              "parentUUID": "a6cbabd0-d5b4-46be-a250-2d7ca79c35ed",
              "isHook": false,
              "skipped": false
            },
            {
              "title": "use only numbers,15-'2' is invalid",
              "fullTitle": "negative testing use only numbers,15-'2' is invalid",
              "timedOut": false,
              "duration": 0,
              "state": "passed",
              "speed": "fast",
              "pass": true,
              "fail": false,
              "pending": false,
              "context": null,
              "code": "expect(operations.sub(15, '2')).to.be.equal(false);",
              "err": {},
              "uuid": "13777ca4-2861-494d-8328-cfbcaaddffac",
              "parentUUID": "a6cbabd0-d5b4-46be-a250-2d7ca79c35ed",
              "isHook": false,
              "skipped": false
            },
            {
              "title": "use only numbers, str-20 is invalid",
              "fullTitle": "negative testing use only numbers, str-20 is invalid",
              "timedOut": false,
              "duration": 0,
              "state": "passed",
              "speed": "fast",
              "pass": true,
              "fail": false,
              "pending": false,
              "context": null,
              "code": "expect(operations.sub('str', 20)).to.be.equal(false);",
              "err": {},
              "uuid": "09b9a526-7084-41c2-aba2-2a073e3d6f1b",
              "parentUUID": "a6cbabd0-d5b4-46be-a250-2d7ca79c35ed",
              "isHook": false,
              "skipped": false
            },
            {
              "title": "use only numbers,true-1 is invalid",
              "fullTitle": "negative testing use only numbers,true-1 is invalid",
              "timedOut": false,
              "duration": 0,
              "state": "passed",
              "speed": "fast",
              "pass": true,
              "fail": false,
              "pending": false,
              "context": null,
              "code": "expect(operations.sub(true, 1)).to.be.equal(false);",
              "err": {},
              "uuid": "31988e04-94ec-4e5c-a6b9-570c383631cc",
              "parentUUID": "a6cbabd0-d5b4-46be-a250-2d7ca79c35ed",
              "isHook": false,
              "skipped": false
            },
            {
              "title": "use only numbers,null*4 is invalid",
              "fullTitle": "negative testing use only numbers,null*4 is invalid",
              "timedOut": false,
              "duration": 0,
              "state": "passed",
              "speed": "fast",
              "pass": true,
              "fail": false,
              "pending": false,
              "context": null,
              "code": "expect(operations.mul(null, 4)).to.be.equal(false);",
              "err": {},
              "uuid": "49535c65-9687-4d1a-9e4a-820686ad4f6a",
              "parentUUID": "a6cbabd0-d5b4-46be-a250-2d7ca79c35ed",
              "isHook": false,
              "skipped": false
            },
            {
              "title": "use only numbers, str*'40' is invalid",
              "fullTitle": "negative testing use only numbers, str*'40' is invalid",
              "timedOut": false,
              "duration": 0,
              "state": "passed",
              "speed": "fast",
              "pass": true,
              "fail": false,
              "pending": false,
              "context": null,
              "code": "expect(operations.mul(\"str\", \"40\")).to.be.equal(false);",
              "err": {},
              "uuid": "9b754133-5e2b-4cc5-a157-b26b04355a20",
              "parentUUID": "a6cbabd0-d5b4-46be-a250-2d7ca79c35ed",
              "isHook": false,
              "skipped": false
            },
            {
              "title": "use only numbers, 0*str is invalid",
              "fullTitle": "negative testing use only numbers, 0*str is invalid",
              "timedOut": false,
              "duration": 0,
              "state": "passed",
              "speed": "fast",
              "pass": true,
              "fail": false,
              "pending": false,
              "context": null,
              "code": "expect(operations.mul(0, \"str\")).to.be.equal(false)",
              "err": {},
              "uuid": "b06d8537-3954-4e7d-863d-dc4b5b91d025",
              "parentUUID": "a6cbabd0-d5b4-46be-a250-2d7ca79c35ed",
              "isHook": false,
              "skipped": false
            },
            {
              "title": "use only numbers, ''/'' is invalid",
              "fullTitle": "negative testing use only numbers, ''/'' is invalid",
              "timedOut": false,
              "duration": 1,
              "state": "passed",
              "speed": "fast",
              "pass": true,
              "fail": false,
              "pending": false,
              "context": null,
              "code": "expect(operations.div(\"\",  \"\")).to.be.equal(\"Use only numbers\");",
              "err": {},
              "uuid": "4dd41271-54b4-49a5-88b7-965747865a0c",
              "parentUUID": "a6cbabd0-d5b4-46be-a250-2d7ca79c35ed",
              "isHook": false,
              "skipped": false
            },
            {
              "title": "use only numbers, str/'4' is invalid",
              "fullTitle": "negative testing use only numbers, str/'4' is invalid",
              "timedOut": false,
              "duration": 0,
              "state": "passed",
              "speed": "fast",
              "pass": true,
              "fail": false,
              "pending": false,
              "context": null,
              "code": "expect(operations.div(\"str\", \"4\")).to.be.equal(\"Use only numbers\");",
              "err": {},
              "uuid": "f54364e1-7734-4e36-b162-761e8ee9696a",
              "parentUUID": "a6cbabd0-d5b4-46be-a250-2d7ca79c35ed",
              "isHook": false,
              "skipped": false
            },
            {
              "title": "use only numbers, '10'/0 is invalid",
              "fullTitle": "negative testing use only numbers, '10'/0 is invalid",
              "timedOut": false,
              "duration": 0,
              "state": "passed",
              "speed": "fast",
              "pass": true,
              "fail": false,
              "pending": false,
              "context": null,
              "code": "expect(operations.div(10, 0)).to.be.equal(\"Don't use the 0 as an value\");",
              "err": {},
              "uuid": "72a95300-b35d-46bf-886f-64504b7d3665",
              "parentUUID": "a6cbabd0-d5b4-46be-a250-2d7ca79c35ed",
              "isHook": false,
              "skipped": false
            }
          ],
          "suites": [],
          "passes": [
            "914c575f-7c5a-4e65-aed1-3016b227ad14",
            "8d16aef6-e3c6-49db-8ca4-9f2abd238cda",
            "cc39b800-29ed-4f70-ab05-cc14a5ff82ef",
            "13777ca4-2861-494d-8328-cfbcaaddffac",
            "09b9a526-7084-41c2-aba2-2a073e3d6f1b",
            "31988e04-94ec-4e5c-a6b9-570c383631cc",
            "49535c65-9687-4d1a-9e4a-820686ad4f6a",
            "9b754133-5e2b-4cc5-a157-b26b04355a20",
            "b06d8537-3954-4e7d-863d-dc4b5b91d025",
            "4dd41271-54b4-49a5-88b7-965747865a0c",
            "f54364e1-7734-4e36-b162-761e8ee9696a",
            "72a95300-b35d-46bf-886f-64504b7d3665"
          ],
          "failures": [],
          "pending": [],
          "skipped": [],
          "duration": 1,
          "root": false,
          "rootEmpty": false,
          "_timeout": 2000
        }
      ],
      "passes": [],
      "failures": [],
      "pending": [],
      "skipped": [],
      "duration": 0,
      "root": true,
      "rootEmpty": true,
      "_timeout": 2000
    }
  ],
  "meta": {
    "mocha": {
      "version": "9.1.3"
    },
    "mochawesome": {
      "options": {
        "quiet": false,
        "reportFilename": "mochawesome",
        "saveHtml": true,
        "saveJson": true,
        "consoleReporter": "spec",
        "useInlineDiffs": false,
        "code": true
      },
      "version": "6.3.1"
    },
    "marge": {
      "options": null,
      "version": "5.2.0"
    }
  }
}